  [1m[36m (1.7ms)[0m  [1mCREATE TABLE "schema_migrations" ("version" varchar NOT NULL) [0m
  [1m[35m (0.1ms)[0m  select sqlite_version(*)
  [1m[36m (1.6ms)[0m  [1mCREATE UNIQUE INDEX "unique_schema_migrations" ON "schema_migrations" ("version")[0m
  [1m[35mActiveRecord::SchemaMigration Load (0.1ms)[0m  SELECT "schema_migrations".* FROM "schema_migrations"


Started GET "/" for ::1 at 2015-11-17 17:47:54 -0600
Processing by Rails::WelcomeController#index as HTML
  Rendered /Users/admin/.rvm/gems/ruby-2.1.2/gems/railties-4.2.3/lib/rails/templates/rails/welcome/index.html.erb (2.8ms)
Completed 200 OK in 27ms (Views: 19.4ms | ActiveRecord: 0.0ms)
  [1m[36mActiveRecord::SchemaMigration Load (0.1ms)[0m  [1mSELECT "schema_migrations".* FROM "schema_migrations"[0m
Migrating to CreateStudents (1)
  [1m[35m (0.1ms)[0m  begin transaction
  [1m[36m (0.4ms)[0m  [1mCREATE TABLE "students" ("id" INTEGER PRIMARY KEY AUTOINCREMENT NOT NULL, "first_name" varchar, "last_name" varchar, "created_at" datetime NOT NULL, "updated_at" datetime NOT NULL) [0m
  [1m[35mSQL (0.3ms)[0m  INSERT INTO "schema_migrations" ("version") VALUES (?)  [["version", "1"]]
  [1m[36m (1.4ms)[0m  [1mcommit transaction[0m
  [1m[35mActiveRecord::SchemaMigration Load (0.1ms)[0m  SELECT "schema_migrations".* FROM "schema_migrations"
  [1m[36m (0.1ms)[0m  [1mbegin transaction[0m
  [1m[35mSQL (0.3ms)[0m  INSERT INTO "students" ("first_name", "last_name", "created_at", "updated_at") VALUES (?, ?, ?, ?)  [["first_name", "Jordan"], ["last_name", "Hudgens"], ["created_at", "2015-11-18 00:10:55.545365"], ["updated_at", "2015-11-18 00:10:55.545365"]]
  [1m[36m (2.9ms)[0m  [1mcommit transaction[0m
  [1m[35mStudent Load (0.2ms)[0m  SELECT  "students".* FROM "students"  ORDER BY "students"."id" DESC LIMIT 1
  [1m[36m (0.1ms)[0m  [1mbegin transaction[0m
  [1m[35mSQL (0.3ms)[0m  INSERT INTO "students" ("created_at", "updated_at") VALUES (?, ?)  [["created_at", "2015-11-18 00:17:49.095449"], ["updated_at", "2015-11-18 00:17:49.095449"]]
  [1m[36m (1.2ms)[0m  [1mcommit transaction[0m
  [1m[35mStudent Load (0.2ms)[0m  SELECT  "students".* FROM "students"  ORDER BY "students"."id" DESC LIMIT 1
  [1m[36mActiveRecord::SchemaMigration Load (0.1ms)[0m  [1mSELECT "schema_migrations".* FROM "schema_migrations"[0m
  [1m[35mActiveRecord::SchemaMigration Load (0.1ms)[0m  SELECT "schema_migrations".* FROM "schema_migrations"


Started GET "/" for ::1 at 2015-11-18 13:36:42 -0600
  [1m[36mActiveRecord::SchemaMigration Load (0.1ms)[0m  [1mSELECT "schema_migrations".* FROM "schema_migrations"[0m
Processing by Rails::WelcomeController#index as HTML
  Rendered /Users/admin/.rvm/gems/ruby-2.1.2/gems/railties-4.2.3/lib/rails/templates/rails/welcome/index.html.erb (2.4ms)
Completed 200 OK in 39ms (Views: 24.5ms | ActiveRecord: 0.0ms)


Started GET "/" for ::1 at 2015-11-18 13:37:10 -0600
Processing by Rails::WelcomeController#index as HTML
  Rendered /Users/admin/.rvm/gems/ruby-2.1.2/gems/railties-4.2.3/lib/rails/templates/rails/welcome/index.html.erb (0.0ms)
Completed 200 OK in 1ms (Views: 0.7ms | ActiveRecord: 0.0ms)
  [1m[36mActiveRecord::SchemaMigration Load (0.5ms)[0m  [1mSELECT "schema_migrations".* FROM "schema_migrations"[0m
  [1m[35mActiveRecord::SchemaMigration Load (0.1ms)[0m  SELECT "schema_migrations".* FROM "schema_migrations"
  [1m[36mStudent Load (0.4ms)[0m  [1mSELECT  "students".* FROM "students"  ORDER BY "students"."id" DESC LIMIT 1[0m
  [1m[35mStudent Load (0.2ms)[0m  SELECT  "students".* FROM "students"  ORDER BY "students"."id" DESC LIMIT 1
  [1m[36m (0.1ms)[0m  [1mbegin transaction[0m
  [1m[35mSQL (0.6ms)[0m  DELETE FROM "students" WHERE "students"."id" = ?  [["id", 2]]
  [1m[36m (1.6ms)[0m  [1mcommit transaction[0m
  [1m[35mStudent Load (0.2ms)[0m  SELECT "students".* FROM "students"
  [1m[35m (223.9ms)[0m  [1m[35mCREATE TABLE "ar_internal_metadata" ("key" varchar NOT NULL PRIMARY KEY, "value" varchar, "created_at" datetime NOT NULL, "updated_at" datetime NOT NULL)[0m
  [1m[36mActiveRecord::SchemaMigration Load (0.3ms)[0m  [1m[34mSELECT "schema_migrations".* FROM "schema_migrations"[0m
Migrating to CreateSchoolClasses (2)
  [1m[35m (0.1ms)[0m  [1m[36mbegin transaction[0m
DEPRECATION WARNING: Directly inheriting from ActiveRecord::Migration is deprecated. Please specify the Rails release the migration was written for:

  class CreateSchoolClasses < ActiveRecord::Migration[4.2] (called from load at /usr/share/rvm/gems/ruby-2.6.1/bin/rake:23)
  [1m[35m (0.4ms)[0m  [1m[35mCREATE TABLE "school_classes" ("id" INTEGER PRIMARY KEY AUTOINCREMENT NOT NULL, "title" varchar, "room_number" integer, "created_at" datetime NOT NULL, "updated_at" datetime NOT NULL)[0m
  [1m[35mSQL (1.2ms)[0m  [1m[32mINSERT INTO "schema_migrations" ("version") VALUES (?)[0m  [["version", "2"]]
  [1m[35m (283.2ms)[0m  [1m[36mcommit transaction[0m
  [1m[36mActiveRecord::InternalMetadata Load (0.8ms)[0m  [1m[34mSELECT  "ar_internal_metadata".* FROM "ar_internal_metadata" WHERE "ar_internal_metadata"."key" = ? LIMIT ?[0m  [["key", "environment"], ["LIMIT", 1]]
  [1m[35m (0.1ms)[0m  [1m[36mbegin transaction[0m
  [1m[35mSQL (0.5ms)[0m  [1m[32mINSERT INTO "ar_internal_metadata" ("key", "value", "created_at", "updated_at") VALUES (?, ?, ?, ?)[0m  [["key", "environment"], ["value", "development"], ["created_at", "2021-06-06 11:30:58.206207"], ["updated_at", "2021-06-06 11:30:58.206207"]]
  [1m[35m (193.0ms)[0m  [1m[36mcommit transaction[0m
  [1m[36mActiveRecord::SchemaMigration Load (0.2ms)[0m  [1m[34mSELECT "schema_migrations".* FROM "schema_migrations"[0m
Started GET "/students/new" for 127.0.0.1 at 2021-06-06 21:34:55 +1000
  [1m[36mActiveRecord::SchemaMigration Load (0.1ms)[0m  [1m[34mSELECT "schema_migrations".* FROM "schema_migrations"[0m
Processing by StudentsController#new as HTML
  Rendering students/new.html.erb within layouts/application
  Rendered students/new.html.erb within layouts/application (12.6ms)
Completed 200 OK in 447ms (Views: 436.1ms | ActiveRecord: 0.4ms)


Started GET "/students/new" for 127.0.0.1 at 2021-06-06 21:36:23 +1000
Processing by StudentsController#new as HTML
  Rendering students/new.html.erb within layouts/application
  Rendered students/new.html.erb within layouts/application (12.6ms)
Completed 200 OK in 34ms (Views: 31.9ms | ActiveRecord: 0.0ms)


Started POST "/students" for 127.0.0.1 at 2021-06-06 21:36:34 +1000
Processing by StudentsController#create as HTML
  Parameters: {"utf8"=>"✓", "authenticity_token"=>"KP2D2fXdRM3IWZ2tW0vmIvKj2Y/c6YJu/8GG0SHb9F9jLmgcvpI0OUzANUN1dm4pVthCSFFdt76Y55No7DLQhA==", "student"=>{"first_name"=>"Krishna", "last_name"=>"Kumar"}, "commit"=>"Create Student"}
  [1m[35m (0.1ms)[0m  [1m[36mbegin transaction[0m
  [1m[35mSQL (0.5ms)[0m  [1m[32mINSERT INTO "students" ("first_name", "last_name", "created_at", "updated_at") VALUES (?, ?, ?, ?)[0m  [["first_name", "Krishna"], ["last_name", "Kumar"], ["created_at", "2021-06-06 11:36:34.417378"], ["updated_at", "2021-06-06 11:36:34.417378"]]
  [1m[35m (179.1ms)[0m  [1m[36mcommit transaction[0m
Redirected to http://localhost:3000/students/3
Completed 302 Found in 185ms (ActiveRecord: 179.7ms)


Started GET "/students/3" for 127.0.0.1 at 2021-06-06 21:36:34 +1000
Processing by StudentsController#show as HTML
  Parameters: {"id"=>"3"}
  Rendering students/show.html.erb within layouts/application
  Rendered students/show.html.erb within layouts/application (0.5ms)
Completed 200 OK in 13ms (Views: 11.6ms | ActiveRecord: 0.0ms)


Started GET "/students/new" for 127.0.0.1 at 2021-06-06 21:38:34 +1000
Processing by StudentsController#new as HTML
  Rendering students/new.html.erb within layouts/application
  Rendered students/new.html.erb within layouts/application (1.7ms)
Completed 200 OK in 20ms (Views: 14.4ms | ActiveRecord: 0.6ms)


Started GET "/students/new" for 127.0.0.1 at 2021-06-06 21:38:36 +1000
Processing by StudentsController#new as HTML
  Rendering students/new.html.erb within layouts/application
  Rendered students/new.html.erb within layouts/application (1.9ms)
Completed 200 OK in 19ms (Views: 17.2ms | ActiveRecord: 0.0ms)


Started POST "/students" for 127.0.0.1 at 2021-06-06 21:38:45 +1000
Processing by StudentsController#create as HTML
  Parameters: {"utf8"=>"✓", "authenticity_token"=>"X42Fo8aUadm3TbGhjETPr2vFujqXX8tVzp82nerHzT8UXm5mjdsZLTPUGU+ieUekz74h/Rrr/oWpuSMkJy7p5A==", "student"=>{"first_name"=>"Suresh", "last_name"=>"Kumar"}, "commit"=>"Create Student"}
  [1m[35m (0.3ms)[0m  [1m[36mbegin transaction[0m
  [1m[35mSQL (1.0ms)[0m  [1m[32mINSERT INTO "students" ("first_name", "last_name", "created_at", "updated_at") VALUES (?, ?, ?, ?)[0m  [["first_name", "Suresh"], ["last_name", "Kumar"], ["created_at", "2021-06-06 11:38:45.452201"], ["updated_at", "2021-06-06 11:38:45.452201"]]
  [1m[35m (285.1ms)[0m  [1m[36mcommit transaction[0m
Redirected to http://localhost:3000/students/4
Completed 302 Found in 291ms (ActiveRecord: 286.4ms)


Started GET "/students/4" for 127.0.0.1 at 2021-06-06 21:38:45 +1000
Processing by StudentsController#show as HTML
  Parameters: {"id"=>"4"}
  Rendering students/show.html.erb within layouts/application
  Rendered students/show.html.erb within layouts/application (1.0ms)
Completed 200 OK in 11ms (Views: 10.0ms | ActiveRecord: 0.0ms)


Started GET "/students/new" for 127.0.0.1 at 2021-06-06 21:40:32 +1000
Processing by StudentsController#new as HTML
  Rendering students/new.html.erb within layouts/application
  Rendered students/new.html.erb within layouts/application (1.8ms)
Completed 200 OK in 18ms (Views: 11.0ms | ActiveRecord: 0.6ms)


Started GET "/students/new" for 127.0.0.1 at 2021-06-06 21:40:35 +1000
Processing by StudentsController#new as HTML
  Rendering students/new.html.erb within layouts/application
  Rendered students/new.html.erb within layouts/application (2.9ms)
Completed 200 OK in 16ms (Views: 14.1ms | ActiveRecord: 0.0ms)


Started POST "/students" for 127.0.0.1 at 2021-06-06 21:40:41 +1000
Processing by StudentsController#create as HTML
  Parameters: {"utf8"=>"✓", "authenticity_token"=>"D9uNmrKBvll5i/7LuTPzMatFGJST2/jK9Gh7PVs4f9dECGZf+c7Orf0SViWXDns6Dz6DUx5vzRqTTm6EltFbDA==", "student"=>{"first_name"=>"Hari", "last_name"=>"Kumar"}, "commit"=>"Create Student"}
  [1m[35m (0.3ms)[0m  [1m[36mbegin transaction[0m
  [1m[35mSQL (0.4ms)[0m  [1m[32mINSERT INTO "students" ("first_name", "last_name", "created_at", "updated_at") VALUES (?, ?, ?, ?)[0m  [["first_name", "Hari"], ["last_name", "Kumar"], ["created_at", "2021-06-06 11:40:41.612021"], ["updated_at", "2021-06-06 11:40:41.612021"]]
  [1m[35m (168.8ms)[0m  [1m[36mcommit transaction[0m
Redirected to http://localhost:3000/students/5
Completed 302 Found in 174ms (ActiveRecord: 169.5ms)


Started GET "/students/5" for 127.0.0.1 at 2021-06-06 21:40:41 +1000
Processing by StudentsController#show as HTML
  Parameters: {"id"=>"5"}
  [1m[36mStudent Load (0.3ms)[0m  [1m[34mSELECT  "students".* FROM "students" WHERE "students"."id" = ? LIMIT ?[0m  [["id", 5], ["LIMIT", 1]]
  Rendering students/show.html.erb within layouts/application
  Rendered students/show.html.erb within layouts/application (0.6ms)
Completed 200 OK in 16ms (Views: 11.9ms | ActiveRecord: 0.3ms)


